LanguageApp2/app/build/intermediates/manifest_merge_blame_file/debug/manifest-merger-blame-debug-report.txt
1<?xml version="1.0" encoding="utf-8"?>
2<manifest xmlns:android="http://schemas.android.com/apk/res/android"
3    package="com.example.languageapp"
4    android:versionCode="1"
5    android:versionName="1.0" >
6
7    <uses-sdk
8        android:minSdkVersion="21"
8-->src\main\AndroidManifest.xml
9        android:targetSdkVersion="31" />
9-->src\main\AndroidManifest.xml
10
11    <application
11-->src\main\AndroidManifest.xml:5:5-36:19
12        android:allowBackup="true"
12-->src\main\AndroidManifest.xml:6:9-35
13        android:appComponentFactory="androidx.core.app.CoreComponentFactory"
13-->[androidx.core:core:1.5.0] AndroidManifest.xml:24:18-86
14        android:debuggable="true"
15        android:icon="@drawable/letter_l_icon"
15-->src\main\AndroidManifest.xml:7:9-47
16        android:label="@string/app_name"
16-->src\main\AndroidManifest.xml:8:9-41
17        android:supportsRtl="true"
17-->src\main\AndroidManifest.xml:9:9-35
18        android:testOnly="true"
19        android:theme="@style/Theme.LanguageApp" >
19-->src\main\AndroidManifest.xml:10:9-49
20        <activity
20-->src\main\AndroidManifest.xml:11:9-14:39
21            android:name="com.example.languageapp.Phrases"
21-->src\main\AndroidManifest.xml:12:13-36
22            android:exported="true"
22-->src\main\AndroidManifest.xml:13:13-36
23            android:label="Phrases" />
23-->src\main\AndroidManifest.xml:14:13-36
24        <activity
24-->src\main\AndroidManifest.xml:15:9-18:39
25            android:name="com.example.languageapp.Colours"
25-->src\main\AndroidManifest.xml:16:13-36
26            android:exported="true"
26-->src\main\AndroidManifest.xml:17:13-36
27            android:label="Colours" />
27-->src\main\AndroidManifest.xml:18:13-36
28        <activity
28-->src\main\AndroidManifest.xml:19:9-22:46
29            android:name="com.example.languageapp.Family_member"
29-->src\main\AndroidManifest.xml:20:13-42
30            android:exported="true"
30-->src\main\AndroidManifest.xml:21:13-36
31            android:label="Family Members" />
31-->src\main\AndroidManifest.xml:22:13-43
32        <activity
32-->src\main\AndroidManifest.xml:23:9-26:39
33            android:name="com.example.languageapp.Numbers"
33-->src\main\AndroidManifest.xml:24:13-36
34            android:exported="true"
34-->src\main\AndroidManifest.xml:25:13-36
35            android:label="Numbers" />
35-->src\main\AndroidManifest.xml:26:13-36
36        <activity
36-->src\main\AndroidManifest.xml:28:9-35:20
37            android:name="com.example.languageapp.MainActivity"
37-->src\main\AndroidManifest.xml:29:13-41
38            android:exported="true" >
38-->src\main\AndroidManifest.xml:30:13-36
39            <intent-filter>
39-->src\main\AndroidManifest.xml:31:13-34:29
40                <action android:name="android.intent.action.MAIN" />
40-->src\main\AndroidManifest.xml:32:17-69
40-->src\main\AndroidManifest.xml:32:25-66
41
42                <category android:name="android.intent.category.LAUNCHER" />
42-->src\main\AndroidManifest.xml:33:17-77
42-->src\main\AndroidManifest.xml:33:27-74
43            </intent-filter>
44        </activity>
45    </application>
46
47</manifest>